config.js:22 Frontend config loaded: {WS_URL: 'ws://localhost:8000/ws', API_BASE_URL: ''}
state.js:117 Frontend state module initialized.
utils.js:51 Frontend utils module loaded.
ui.js:371 Frontend UI module loaded.
api.js:102 Frontend API module loaded.
session.js:97 Frontend session module loaded.
configView.js:164 Frontend configView module loaded.
handlers.js:688 Frontend handlers module loaded.
websocket.js:111 Frontend websocket module loaded.
main.js:184 Frontend main.js loaded and initializing...
main.js:152 Main: DOM fully loaded and parsed. Initializing app...
main.js:154 Main: Attempting to assign DOM elements...
domElements.js:11 DOM Assign: Starting element assignment...
domElements.js:40 DOM Assign: Element selection complete. Validating critical elements...
domElements.js:60 DOM Assign: Critical Element Found: conversationArea
domElements.js:60 DOM Assign: Critical Element Found: internalCommsArea
domElements.js:60 DOM Assign: Critical Element Found: messageInput
domElements.js:60 DOM Assign: Critical Element Found: sendButton
domElements.js:60 DOM Assign: Critical Element Found: viewPanels
domElements.js:60 DOM Assign: Critical Element Found: navButtons
domElements.js:65 DOM Assign: All critical elements validated successfully.
domElements.js:69 DOM element assignment complete.
main.js:156 Main: DOM element assignment function executed.
main.js:158 Main: Attempting to set up event listeners...
main.js:19 Main: Setting up primary event listeners...
main.js:23 Main: Attaching listener to Send button...
main.js:28 Main: Attaching listeners to Message input...
main.js:34 Main: Attaching listener to Attach File button...
main.js:42 Main: Attaching listener to File input change...
main.js:48 Main: Attaching listeners to 4 Nav buttons...
main.js:56 Main: Attaching listener to Refresh Config button...
main.js:61 Main: Attaching listener to Add Agent button...
main.js:68 Main: Attaching listener to Agent Form submit...
main.js:75 Main: Attaching listener to Project Select change...
main.js:80 Main: Attaching listener to Load Session button...
main.js:85 Main: Attaching listener to Save Session button...
main.js:97 Main: Globally exposed functions (if any) under window.uiModule
main.js:100 Main: Primary event listeners setup complete.
main.js:160 Main: Event listener setup function executed.
ui.js:247 UI: Attempting to switch view to: chat-view
ui.js:279 UI: View switched successfully to: chat-view
state.js:53 State: Reconnect delay set to 1000ms
websocket.js:27 Attempting WebSocket connection to ws://localhost:8000/ws...
ui.js:19 UI: Display request in #internal-comms-area. Type: status, Agent: system
ui.js:65 UI: Creating new message element for type status in #internal-comms-area.
state.js:27 State: WebSocket instance updated.
main.js:172 Main: Attaching delegated click listener for message buttons to conversationArea...
main.js:178 Main: Application initialization sequence complete.
websocket.js:35 WebSocket onopen event fired.
state.js:33 State: Connection status changed to true
state.js:53 State: Reconnect delay set to 1000ms
ui.js:19 UI: Display request in #internal-comms-area. Type: status, Agent: system
ui.js:65 UI: Creating new message element for type status in #internal-comms-area.
websocket.js:39 WebSocket connection established.
websocket.js:45 WebSocket onmessage event fired.
websocket.js:48 WebSocket message received: {type: 'status', message: 'Connected to TrippleEffect backend!'}
handlers.js:26 Handler: Processing WebSocket message {type: 'status', message: 'Connected to TrippleEffect backend!'}
handlers.js:32 Handler: Message type: status, Agent: system
handlers.js:305 Handler: Final display call: target=internal-comms-area, type=status, agentId=system
ui.js:19 UI: Display request in #internal-comms-area. Type: status, Agent: system
ui.js:65 UI: Creating new message element for type status in #internal-comms-area.
handlers.js:459 Handler: Enter pressed in message input.
handlers.js:421 Handler: Send button clicked or Enter pressed.
websocket.js:99 Sent message: Hello!...
ui.js:19 UI: Display request in #conversation-area. Type: user, Agent: human_user
ui.js:65 UI: Creating new message element for type user in #conversation-area.
websocket.js:45 WebSocket onmessage event fired.
websocket.js:48 WebSocket message received: {type: 'agent_status_update', agent_id: 'admin_ai', status: {…}}
handlers.js:26 Handler: Processing WebSocket message {type: 'agent_status_update', agent_id: 'admin_ai', status: {…}}
handlers.js:32 Handler: Message type: agent_status_update, Agent: admin_ai
handlers.js:37 Handler: Handling agent_status_update for admin_ai
state.js:69 State: Updating known status for agent admin_ai
handlers.js:311 Handler: Triggering agent status UI redraw.
ui.js:185 UI: Updating agent status list from cached state {admin_ai: {…}}
websocket.js:45 WebSocket onmessage event fired.
websocket.js:48 WebSocket message received: {type: 'response_chunk', content: 'Hello', agent_id: 'admin_ai'}
 Handler: Processing WebSocket message {type: 'response_chunk', content: 'Hello', agent_id: 'admin_ai'}
 Handler: Message type: response_chunk, Agent: admin_ai
 Handler: Final display call: target=internal-comms-area, type=response_chunk, agentId=admin_ai
 UI: Display request in #internal-comms-area. Type: response_chunk, Agent: admin_ai
 UI: Will create new message element for chunk from agent admin_ai in #internal-comms-area. No suitable prior chunk found.
 UI: Creating new message element for type response_chunk in #internal-comms-area.
 WebSocket onmessage event fired.
 WebSocket message received: {type: 'response_chunk', content: '!', agent_id: 'admin_ai'}
 Handler: Processing WebSocket message {type: 'response_chunk', content: '!', agent_id: 'admin_ai'}
 Handler: Message type: response_chunk, Agent: admin_ai
 Handler: Final display call: target=internal-comms-area, type=response_chunk, agentId=admin_ai
 UI: Display request in #internal-comms-area. Type: response_chunk, Agent: admin_ai
 UI: Will append chunk to last message element for agent admin_ai in #internal-comms-area.
 WebSocket onmessage event fired.
 WebSocket message received: {type: 'response_chunk', content: " It's", agent_id: 'admin_ai'}
 Handler: Processing WebSocket message {type: 'response_chunk', content: " It's", agent_id: 'admin_ai'}
 Handler: Message type: response_chunk, Agent: admin_ai
 Handler: Final display call: target=internal-comms-area, type=response_chunk, agentId=admin_ai
 UI: Display request in #internal-comms-area. Type: response_chunk, Agent: admin_ai
 UI: Will append chunk to last message element for agent admin_ai in #internal-comms-area.
 WebSocket onmessage event fired.
 WebSocket message received: {type: 'response_chunk', content: ' nice', agent_id: 'admin_ai'}
 Handler: Processing WebSocket message {type: 'response_chunk', content: ' nice', agent_id: 'admin_ai'}
 Handler: Message type: response_chunk, Agent: admin_ai
 Handler: Final display call: target=internal-comms-area, type=response_chunk, agentId=admin_ai
 UI: Display request in #internal-comms-area. Type: response_chunk, Agent: admin_ai
 UI: Will append chunk to last message element for agent admin_ai in #internal-comms-area.
 WebSocket onmessage event fired.
 WebSocket message received: {type: 'response_chunk', content: ' to', agent_id: 'admin_ai'}
 Handler: Processing WebSocket message {type: 'response_chunk', content: ' to', agent_id: 'admin_ai'}
 Handler: Message type: response_chunk, Agent: admin_ai
 Handler: Final display call: target=internal-comms-area, type=response_chunk, agentId=admin_ai
 UI: Display request in #internal-comms-area. Type: response_chunk, Agent: admin_ai
 UI: Will append chunk to last message element for agent admin_ai in #internal-comms-area.
 WebSocket onmessage event fired.
 WebSocket message received: {type: 'response_chunk', content: ' meet', agent_id: 'admin_ai'}
 Handler: Processing WebSocket message {type: 'response_chunk', content: ' meet', agent_id: 'admin_ai'}
 Handler: Message type: response_chunk, Agent: admin_ai
 Handler: Final display call: target=internal-comms-area, type=response_chunk, agentId=admin_ai
 UI: Display request in #internal-comms-area. Type: response_chunk, Agent: admin_ai
 UI: Will append chunk to last message element for agent admin_ai in #internal-comms-area.
 WebSocket onmessage event fired.
 WebSocket message received: {type: 'response_chunk', content: ' you', agent_id: 'admin_ai'}
 Handler: Processing WebSocket message {type: 'response_chunk', content: ' you', agent_id: 'admin_ai'}
 Handler: Message type: response_chunk, Agent: admin_ai
 Handler: Final display call: target=internal-comms-area, type=response_chunk, agentId=admin_ai
 UI: Display request in #internal-comms-area. Type: response_chunk, Agent: admin_ai
 UI: Will append chunk to last message element for agent admin_ai in #internal-comms-area.
 WebSocket onmessage event fired.
 WebSocket message received: {type: 'response_chunk', content: '.', agent_id: 'admin_ai'}
 Handler: Processing WebSocket message {type: 'response_chunk', content: '.', agent_id: 'admin_ai'}
 Handler: Message type: response_chunk, Agent: admin_ai
 Handler: Final display call: target=internal-comms-area, type=response_chunk, agentId=admin_ai
 UI: Display request in #internal-comms-area. Type: response_chunk, Agent: admin_ai
 UI: Will append chunk to last message element for agent admin_ai in #internal-comms-area.
 WebSocket onmessage event fired.
 WebSocket message received: {type: 'response_chunk', content: ' Is', agent_id: 'admin_ai'}
 Handler: Processing WebSocket message {type: 'response_chunk', content: ' Is', agent_id: 'admin_ai'}
 Handler: Message type: response_chunk, Agent: admin_ai
 Handler: Final display call: target=internal-comms-area, type=response_chunk, agentId=admin_ai
 UI: Display request in #internal-comms-area. Type: response_chunk, Agent: admin_ai
 UI: Will append chunk to last message element for agent admin_ai in #internal-comms-area.
 WebSocket onmessage event fired.
 WebSocket message received: {type: 'response_chunk', content: ' there', agent_id: 'admin_ai'}
 Handler: Processing WebSocket message {type: 'response_chunk', content: ' there', agent_id: 'admin_ai'}
 Handler: Message type: response_chunk, Agent: admin_ai
 Handler: Final display call: target=internal-comms-area, type=response_chunk, agentId=admin_ai
 UI: Display request in #internal-comms-area. Type: response_chunk, Agent: admin_ai
 UI: Will append chunk to last message element for agent admin_ai in #internal-comms-area.
 WebSocket onmessage event fired.
 WebSocket message received: {type: 'response_chunk', content: ' something', agent_id: 'admin_ai'}
 Handler: Processing WebSocket message {type: 'response_chunk', content: ' something', agent_id: 'admin_ai'}
 Handler: Message type: response_chunk, Agent: admin_ai
 Handler: Final display call: target=internal-comms-area, type=response_chunk, agentId=admin_ai
 UI: Display request in #internal-comms-area. Type: response_chunk, Agent: admin_ai
 UI: Will append chunk to last message element for agent admin_ai in #internal-comms-area.
 WebSocket onmessage event fired.
 WebSocket message received: {type: 'response_chunk', content: ' I', agent_id: 'admin_ai'}
 Handler: Processing WebSocket message {type: 'response_chunk', content: ' I', agent_id: 'admin_ai'}
 Handler: Message type: response_chunk, Agent: admin_ai
 Handler: Final display call: target=internal-comms-area, type=response_chunk, agentId=admin_ai
 UI: Display request in #internal-comms-area. Type: response_chunk, Agent: admin_ai
 UI: Will append chunk to last message element for agent admin_ai in #internal-comms-area.
 WebSocket onmessage event fired.
 WebSocket message received: {type: 'response_chunk', content: ' can', agent_id: 'admin_ai'}
 Handler: Processing WebSocket message {type: 'response_chunk', content: ' can', agent_id: 'admin_ai'}
 Handler: Message type: response_chunk, Agent: admin_ai
 Handler: Final display call: target=internal-comms-area, type=response_chunk, agentId=admin_ai
 UI: Display request in #internal-comms-area. Type: response_chunk, Agent: admin_ai
 UI: Will append chunk to last message element for agent admin_ai in #internal-comms-area.
 WebSocket onmessage event fired.
 WebSocket message received: {type: 'response_chunk', content: ' help', agent_id: 'admin_ai'}
 Handler: Processing WebSocket message {type: 'response_chunk', content: ' help', agent_id: 'admin_ai'}
 Handler: Message type: response_chunk, Agent: admin_ai
 Handler: Final display call: target=internal-comms-area, type=response_chunk, agentId=admin_ai
 UI: Display request in #internal-comms-area. Type: response_chunk, Agent: admin_ai
 UI: Will append chunk to last message element for agent admin_ai in #internal-comms-area.
 WebSocket onmessage event fired.
 WebSocket message received: {type: 'response_chunk', content: ' you', agent_id: 'admin_ai'}
 Handler: Processing WebSocket message {type: 'response_chunk', content: ' you', agent_id: 'admin_ai'}
 Handler: Message type: response_chunk, Agent: admin_ai
 Handler: Final display call: target=internal-comms-area, type=response_chunk, agentId=admin_ai
 UI: Display request in #internal-comms-area. Type: response_chunk, Agent: admin_ai
 UI: Will append chunk to last message element for agent admin_ai in #internal-comms-area.
 WebSocket onmessage event fired.
websocket.js:48 WebSocket message received: {type: 'response_chunk', content: ' with', agent_id: 'admin_ai'}
handlers.js:26 Handler: Processing WebSocket message {type: 'response_chunk', content: ' with', agent_id: 'admin_ai'}
handlers.js:32 Handler: Message type: response_chunk, Agent: admin_ai
handlers.js:305 Handler: Final display call: target=internal-comms-area, type=response_chunk, agentId=admin_ai
ui.js:19 UI: Display request in #internal-comms-area. Type: response_chunk, Agent: admin_ai
ui.js:44 UI: Will append chunk to last message element for agent admin_ai in #internal-comms-area.
websocket.js:45 WebSocket onmessage event fired.
websocket.js:48 WebSocket message received: {type: 'response_chunk', content: ',', agent_id: 'admin_ai'}
handlers.js:26 Handler: Processing WebSocket message {type: 'response_chunk', content: ',', agent_id: 'admin_ai'}
handlers.js:32 Handler: Message type: response_chunk, Agent: admin_ai
handlers.js:305 Handler: Final display call: target=internal-comms-area, type=response_chunk, agentId=admin_ai
ui.js:19 UI: Display request in #internal-comms-area. Type: response_chunk, Agent: admin_ai
ui.js:44 UI: Will append chunk to last message element for agent admin_ai in #internal-comms-area.
websocket.js:45 WebSocket onmessage event fired.
websocket.js:48 WebSocket message received: {type: 'response_chunk', content: ' or', agent_id: 'admin_ai'}
handlers.js:26 Handler: Processing WebSocket message {type: 'response_chunk', content: ' or', agent_id: 'admin_ai'}
handlers.js:32 Handler: Message type: response_chunk, Agent: admin_ai
handlers.js:305 Handler: Final display call: target=internal-comms-area, type=response_chunk, agentId=admin_ai
ui.js:19 UI: Display request in #internal-comms-area. Type: response_chunk, Agent: admin_ai
ui.js:44 UI: Will append chunk to last message element for agent admin_ai in #internal-comms-area.
websocket.js:45 WebSocket onmessage event fired.
websocket.js:48 WebSocket message received: {type: 'response_chunk', content: ' would', agent_id: 'admin_ai'}
handlers.js:26 Handler: Processing WebSocket message {type: 'response_chunk', content: ' would', agent_id: 'admin_ai'}
handlers.js:32 Handler: Message type: response_chunk, Agent: admin_ai
handlers.js:305 Handler: Final display call: target=internal-comms-area, type=response_chunk, agentId=admin_ai
ui.js:19 UI: Display request in #internal-comms-area. Type: response_chunk, Agent: admin_ai
ui.js:44 UI: Will append chunk to last message element for agent admin_ai in #internal-comms-area.
websocket.js:45 WebSocket onmessage event fired.
websocket.js:48 WebSocket message received: {type: 'response_chunk', content: ' you', agent_id: 'admin_ai'}
handlers.js:26 Handler: Processing WebSocket message {type: 'response_chunk', content: ' you', agent_id: 'admin_ai'}
handlers.js:32 Handler: Message type: response_chunk, Agent: admin_ai
handlers.js:305 Handler: Final display call: target=internal-comms-area, type=response_chunk, agentId=admin_ai
ui.js:19 UI: Display request in #internal-comms-area. Type: response_chunk, Agent: admin_ai
ui.js:44 UI: Will append chunk to last message element for agent admin_ai in #internal-comms-area.
websocket.js:45 WebSocket onmessage event fired.
websocket.js:48 WebSocket message received: {type: 'response_chunk', content: ' like', agent_id: 'admin_ai'}
handlers.js:26 Handler: Processing WebSocket message {type: 'response_chunk', content: ' like', agent_id: 'admin_ai'}
handlers.js:32 Handler: Message type: response_chunk, Agent: admin_ai
handlers.js:305 Handler: Final display call: target=internal-comms-area, type=response_chunk, agentId=admin_ai
ui.js:19 UI: Display request in #internal-comms-area. Type: response_chunk, Agent: admin_ai
ui.js:44 UI: Will append chunk to last message element for agent admin_ai in #internal-comms-area.
websocket.js:45 WebSocket onmessage event fired.
websocket.js:48 WebSocket message received: {type: 'response_chunk', content: ' to', agent_id: 'admin_ai'}
handlers.js:26 Handler: Processing WebSocket message {type: 'response_chunk', content: ' to', agent_id: 'admin_ai'}
handlers.js:32 Handler: Message type: response_chunk, Agent: admin_ai
handlers.js:305 Handler: Final display call: target=internal-comms-area, type=response_chunk, agentId=admin_ai
ui.js:19 UI: Display request in #internal-comms-area. Type: response_chunk, Agent: admin_ai
ui.js:44 UI: Will append chunk to last message element for agent admin_ai in #internal-comms-area.
websocket.js:45 WebSocket onmessage event fired.
websocket.js:48 WebSocket message received: {type: 'response_chunk', content: ' chat', agent_id: 'admin_ai'}
handlers.js:26 Handler: Processing WebSocket message {type: 'response_chunk', content: ' chat', agent_id: 'admin_ai'}
handlers.js:32 Handler: Message type: response_chunk, Agent: admin_ai
handlers.js:305 Handler: Final display call: target=internal-comms-area, type=response_chunk, agentId=admin_ai
ui.js:19 UI: Display request in #internal-comms-area. Type: response_chunk, Agent: admin_ai
ui.js:44 UI: Will append chunk to last message element for agent admin_ai in #internal-comms-area.
websocket.js:45 WebSocket onmessage event fired.
websocket.js:48 WebSocket message received: {type: 'response_chunk', content: '?', agent_id: 'admin_ai'}
handlers.js:26 Handler: Processing WebSocket message {type: 'response_chunk', content: '?', agent_id: 'admin_ai'}
handlers.js:32 Handler: Message type: response_chunk, Agent: admin_ai
handlers.js:305 Handler: Final display call: target=internal-comms-area, type=response_chunk, agentId=admin_ai
ui.js:19 UI: Display request in #internal-comms-area. Type: response_chunk, Agent: admin_ai
ui.js:44 UI: Will append chunk to last message element for agent admin_ai in #internal-comms-area.
websocket.js:45 WebSocket onmessage event fired.
websocket.js:48 WebSocket message received: {type: 'final_response', content: "Hello! It's nice to meet you. Is there something I can help you with, or would you like to chat?", agent_id: 'admin_ai'}
handlers.js:26 Handler: Processing WebSocket message {type: 'final_response', content: "Hello! It's nice to meet you. Is there something I can help you with, or would you like to chat?", agent_id: 'admin_ai'}
handlers.js:32 Handler: Message type: final_response, Agent: admin_ai
handlers.js:305 Handler: Final display call: target=conversation-area, type=agent_response, agentId=admin_ai
ui.js:19 UI: Display request in #conversation-area. Type: agent_response, Agent: admin_ai
ui.js:65 UI: Creating new message element for type agent_response in #conversation-area.
websocket.js:45 WebSocket onmessage event fired.
websocket.js:48 WebSocket message received: {type: 'agent_status_update', agent_id: 'admin_ai', status: {…}}
handlers.js:26 Handler: Processing WebSocket message {type: 'agent_status_update', agent_id: 'admin_ai', status: {…}}
handlers.js:32 Handler: Message type: agent_status_update, Agent: admin_ai
handlers.js:37 Handler: Handling agent_status_update for admin_ai
state.js:69 State: Updating known status for agent admin_ai
handlers.js:311 Handler: Triggering agent status UI redraw.
ui.js:185 UI: Updating agent status list from cached state {admin_ai: {…}}
handlers.js:421 Handler: Send button clicked or Enter pressed.
websocket.js:99 Sent message: Please create a cool browser-based Snake game. Thanks!...
ui.js:19 UI: Display request in #conversation-area. Type: user, Agent: human_user
ui.js:65 UI: Creating new message element for type user in #conversation-area.
websocket.js:45 WebSocket onmessage event fired.
websocket.js:48 WebSocket message received: {type: 'agent_status_update', agent_id: 'admin_ai', status: {…}}
handlers.js:26 Handler: Processing WebSocket message {type: 'agent_status_update', agent_id: 'admin_ai', status: {…}}
handlers.js:32 Handler: Message type: agent_status_update, Agent: admin_ai
handlers.js:37 Handler: Handling agent_status_update for admin_ai
state.js:69 State: Updating known status for agent admin_ai
handlers.js:311 Handler: Triggering agent status UI redraw.
ui.js:185 UI: Updating agent status list from cached state {admin_ai: {…}}
handlers.js:474 Handler: Nav button clicked for view: internal-comms-view
ui.js:247 UI: Attempting to switch view to: internal-comms-view
state.js:40 State: Current view changed from chat-view to internal-comms-view
ui.js:279 UI: View switched successfully to: internal-comms-view
websocket.js:45 WebSocket onmessage event fired.
websocket.js:48 WebSocket message received: {type: 'response_chunk', content: '**', agent_id: 'admin_ai'}
 Handler: Processing WebSocket message {type: 'response_chunk', content: '**', agent_id: 'admin_ai'}
 Handler: Message type: response_chunk, Agent: admin_ai
 Handler: Final display call: target=internal-comms-area, type=response_chunk, agentId=admin_ai
 UI: Display request in #internal-comms-area. Type: response_chunk, Agent: admin_ai
 UI: Will append chunk to last message element for agent admin_ai in #internal-comms-area.
 WebSocket onmessage event fired.
 WebSocket message received: {type: 'response_chunk', content: 'Snake', agent_id: 'admin_ai'}
 Handler: Processing WebSocket message {type: 'response_chunk', content: 'Snake', agent_id: 'admin_ai'}
 Handler: Message type: response_chunk, Agent: admin_ai
 Handler: Final display call: target=internal-comms-area, type=response_chunk, agentId=admin_ai
 UI: Display request in #internal-comms-area. Type: response_chunk, Agent: admin_ai
 UI: Will append chunk to last message element for agent admin_ai in #internal-comms-area.
 WebSocket onmessage event fired.
 WebSocket message received: {type: 'response_chunk', content: ' Game', agent_id: 'admin_ai'}
 Handler: Processing WebSocket message {type: 'response_chunk', content: ' Game', agent_id: 'admin_ai'}
 Handler: Message type: response_chunk, Agent: admin_ai
 Handler: Final display call: target=internal-comms-area, type=response_chunk, agentId=admin_ai
 UI: Display request in #internal-comms-area. Type: response_chunk, Agent: admin_ai
 UI: Will append chunk to last message element for agent admin_ai in #internal-comms-area.
 WebSocket onmessage event fired.
 WebSocket message received: {type: 'response_chunk', content: ' Implementation', agent_id: 'admin_ai'}
 Handler: Processing WebSocket message {type: 'response_chunk', content: ' Implementation', agent_id: 'admin_ai'}
 Handler: Message type: response_chunk, Agent: admin_ai
 Handler: Final display call: target=internal-comms-area, type=response_chunk, agentId=admin_ai
 UI: Display request in #internal-comms-area. Type: response_chunk, Agent: admin_ai
 UI: Will append chunk to last message element for agent admin_ai in #internal-comms-area.
 WebSocket onmessage event fired.
 WebSocket message received: {type: 'response_chunk', content: '**\n', agent_id: 'admin_ai'}
 Handler: Processing WebSocket message {type: 'response_chunk', content: '**\n', agent_id: 'admin_ai'}
 Handler: Message type: response_chunk, Agent: admin_ai
 Handler: Final display call: target=internal-comms-area, type=response_chunk, agentId=admin_ai
 UI: Display request in #internal-comms-area. Type: response_chunk, Agent: admin_ai
 UI: Will append chunk to last message element for agent admin_ai in #internal-comms-area.
 WebSocket onmessage event fired.
 WebSocket message received: {type: 'response_chunk', content: '================================', agent_id: 'admin_ai'}
 Handler: Processing WebSocket message {type: 'response_chunk', content: '================================', agent_id: 'admin_ai'}
 Handler: Message type: response_chunk, Agent: admin_ai
 Handler: Final display call: target=internal-comms-area, type=response_chunk, agentId=admin_ai
 UI: Display request in #internal-comms-area. Type: response_chunk, Agent: admin_ai
 UI: Will append chunk to last message element for agent admin_ai in #internal-comms-area.
 WebSocket onmessage event fired.
 WebSocket message received: {type: 'response_chunk', content: '\n\n', agent_id: 'admin_ai'}
 Handler: Processing WebSocket message {type: 'response_chunk', content: '\n\n', agent_id: 'admin_ai'}
 Handler: Message type: response_chunk, Agent: admin_ai
 Handler: Final display call: target=internal-comms-area, type=response_chunk, agentId=admin_ai
 UI: Display request in #internal-comms-area. Type: response_chunk, Agent: admin_ai
 UI: Will append chunk to last message element for agent admin_ai in #internal-comms-area.
 WebSocket onmessage event fired.
 WebSocket message received: {type: 'response_chunk', content: 'Below', agent_id: 'admin_ai'}
 Handler: Processing WebSocket message {type: 'response_chunk', content: 'Below', agent_id: 'admin_ai'}
 Handler: Message type: response_chunk, Agent: admin_ai
 Handler: Final display call: target=internal-comms-area, type=response_chunk, agentId=admin_ai
 UI: Display request in #internal-comms-area. Type: response_chunk, Agent: admin_ai
 UI: Will append chunk to last message element for agent admin_ai in #internal-comms-area.
 WebSocket onmessage event fired.
 WebSocket message received: {type: 'response_chunk', content: ' is', agent_id: 'admin_ai'}
 Handler: Processing WebSocket message {type: 'response_chunk', content: ' is', agent_id: 'admin_ai'}
 Handler: Message type: response_chunk, Agent: admin_ai
 Handler: Final display call: target=internal-comms-area, type=response_chunk, agentId=admin_ai
 UI: Display request in #internal-comms-area. Type: response_chunk, Agent: admin_ai
 UI: Will append chunk to last message element for agent admin_ai in #internal-comms-area.
 WebSocket onmessage event fired.
 WebSocket message received: {type: 'response_chunk', content: ' a', agent_id: 'admin_ai'}
 Handler: Processing WebSocket message {type: 'response_chunk', content: ' a', agent_id: 'admin_ai'}
 Handler: Message type: response_chunk, Agent: admin_ai
 Handler: Final display call: target=internal-comms-area, type=response_chunk, agentId=admin_ai
 UI: Display request in #internal-comms-area. Type: response_chunk, Agent: admin_ai
 UI: Will append chunk to last message element for agent admin_ai in #internal-comms-area.
 WebSocket onmessage event fired.
 WebSocket message received: {type: 'response_chunk', content: ' simple', agent_id: 'admin_ai'}
handlers.js:26 Handler: Processing WebSocket message {type: 'response_chunk', content: ' simple', agent_id: 'admin_ai'}
handlers.js:32 Handler: Message type: response_chunk, Agent: admin_ai
handlers.js:305 Handler: Final display call: target=internal-comms-area, type=response_chunk, agentId=admin_ai
ui.js:19 UI: Display request in #internal-comms-area. Type: response_chunk, Agent: admin_ai
ui.js:44 UI: Will append chunk to last message element for agent admin_ai in #internal-comms-area.
websocket.js:45 WebSocket onmessage event fired.
websocket.js:48 WebSocket message received: {type: 'response_chunk', content: ' implementation', agent_id: 'admin_ai'}
handlers.js:26 Handler: Processing WebSocket message {type: 'response_chunk', content: ' implementation', agent_id: 'admin_ai'}
handlers.js:32 Handler: Message type: response_chunk, Agent: admin_ai
handlers.js:305 Handler: Final display call: target=internal-comms-area, type=response_chunk, agentId=admin_ai
ui.js:19 UI: Display request in #internal-comms-area. Type: response_chunk, Agent: admin_ai
ui.js:44 UI: Will append chunk to last message element for agent admin_ai in #internal-comms-area.
websocket.js:45 WebSocket onmessage event fired.
websocket.js:48 WebSocket message received: {type: 'response_chunk', content: ' of', agent_id: 'admin_ai'}
handlers.js:26 Handler: Processing WebSocket message {type: 'response_chunk', content: ' of', agent_id: 'admin_ai'}
handlers.js:32 Handler: Message type: response_chunk, Agent: admin_ai
handlers.js:305 Handler: Final display call: target=internal-comms-area, type=response_chunk, agentId=admin_ai
ui.js:19 UI: Display request in #internal-comms-area. Type: response_chunk, Agent: admin_ai
ui.js:44 UI: Will append chunk to last message element for agent admin_ai in #internal-comms-area.
websocket.js:45 WebSocket onmessage event fired.
websocket.js:48 WebSocket message received: {type: 'response_chunk', content: ' the', agent_id: 'admin_ai'}
handlers.js:26 Handler: Processing WebSocket message {type: 'response_chunk', content: ' the', agent_id: 'admin_ai'}
handlers.js:32 Handler: Message type: response_chunk, Agent: admin_ai
handlers.js:305 Handler: Final display call: target=internal-comms-area, type=response_chunk, agentId=admin_ai
ui.js:19 UI: Display request in #internal-comms-area. Type: response_chunk, Agent: admin_ai
ui.js:44 UI: Will append chunk to last message element for agent admin_ai in #internal-comms-area.
websocket.js:45 WebSocket onmessage event fired.
websocket.js:48 WebSocket message received: {type: 'response_chunk', content: ' classic', agent_id: 'admin_ai'}
handlers.js:26 Handler: Processing WebSocket message {type: 'response_chunk', content: ' classic', agent_id: 'admin_ai'}
handlers.js:32 Handler: Message type: response_chunk, Agent: admin_ai
handlers.js:305 Handler: Final display call: target=internal-comms-area, type=response_chunk, agentId=admin_ai
ui.js:19 UI: Display request in #internal-comms-area. Type: response_chunk, Agent: admin_ai
ui.js:44 UI: Will append chunk to last message element for agent admin_ai in #internal-comms-area.
websocket.js:45 WebSocket onmessage event fired.
websocket.js:48 WebSocket message received: {type: 'response_chunk', content: ' Snake', agent_id: 'admin_ai'}
handlers.js:26 Handler: Processing WebSocket message {type: 'response_chunk', content: ' Snake', agent_id: 'admin_ai'}
handlers.js:32 Handler: Message type: response_chunk, Agent: admin_ai
handlers.js:305 Handler: Final display call: target=internal-comms-area, type=response_chunk, agentId=admin_ai
ui.js:19 UI: Display request in #internal-comms-area. Type: response_chunk, Agent: admin_ai
ui.js:44 UI: Will append chunk to last message element for agent admin_ai in #internal-comms-area.
websocket.js:45 WebSocket onmessage event fired.
websocket.js:48 WebSocket message received: {type: 'response_chunk', content: ' game', agent_id: 'admin_ai'}
handlers.js:26 Handler: Processing WebSocket message {type: 'response_chunk', content: ' game', agent_id: 'admin_ai'}
handlers.js:32 Handler: Message type: response_chunk, Agent: admin_ai
handlers.js:305 Handler: Final display call: target=internal-comms-area, type=response_chunk, agentId=admin_ai
ui.js:19 UI: Display request in #internal-comms-area. Type: response_chunk, Agent: admin_ai
ui.js:44 UI: Will append chunk to last message element for agent admin_ai in #internal-comms-area.
websocket.js:45 WebSocket onmessage event fired.
websocket.js:48 WebSocket message received: {type: 'response_chunk', content: ' using', agent_id: 'admin_ai'}
handlers.js:26 Handler: Processing WebSocket message {type: 'response_chunk', content: ' using', agent_id: 'admin_ai'}
handlers.js:32 Handler: Message type: response_chunk, Agent: admin_ai
handlers.js:305 Handler: Final display call: target=internal-comms-area, type=response_chunk, agentId=admin_ai
ui.js:19 UI: Display request in #internal-comms-area. Type: response_chunk, Agent: admin_ai
ui.js:44 UI: Will append chunk to last message element for agent admin_ai in #internal-comms-area.
websocket.js:45 WebSocket onmessage event fired.
websocket.js:48 WebSocket message received: {type: 'response_chunk', content: ' HTML', agent_id: 'admin_ai'}
handlers.js:26 Handler: Processing WebSocket message {type: 'response_chunk', content: ' HTML', agent_id: 'admin_ai'}
handlers.js:32 Handler: Message type: response_chunk, Agent: admin_ai
handlers.js:305 Handler: Final display call: target=internal-comms-area, type=response_chunk, agentId=admin_ai
ui.js:19 UI: Display request in #internal-comms-area. Type: response_chunk, Agent: admin_ai
ui.js:44 UI: Will append chunk to last message element for agent admin_ai in #internal-comms-area.
websocket.js:45 WebSocket onmessage event fired.
websocket.js:48 WebSocket message received: {type: 'response_chunk', content: ',', agent_id: 'admin_ai'}
handlers.js:26 Handler: Processing WebSocket message {type: 'response_chunk', content: ',', agent_id: 'admin_ai'}
handlers.js:32 Handler: Message type: response_chunk, Agent: admin_ai
handlers.js:305 Handler: Final display call: target=internal-comms-area, type=response_chunk, agentId=admin_ai
ui.js:19 UI: Display request in #internal-comms-area. Type: response_chunk, Agent: admin_ai
ui.js:44 UI: Will append chunk to last message element for agent admin_ai in #internal-comms-area.
websocket.js:45 WebSocket onmessage event fired.
websocket.js:48 WebSocket message received: {type: 'response_chunk', content: ' CSS', agent_id: 'admin_ai'}
handlers.js:26 Handler: Processing WebSocket message {type: 'response_chunk', content: ' CSS', agent_id: 'admin_ai'}
handlers.js:32 Handler: Message type: response_chunk, Agent: admin_ai
handlers.js:305 Handler: Final display call: target=internal-comms-area, type=response_chunk, agentId=admin_ai
ui.js:19 UI: Display request in #internal-comms-area. Type: response_chunk, Agent: admin_ai
ui.js:44 UI: Will append chunk to last message element for agent admin_ai in #internal-comms-area.
websocket.js:45 WebSocket onmessage event fired.
websocket.js:48 WebSocket message received: {type: 'response_chunk', content: ',', agent_id: 'admin_ai'}
handlers.js:26 Handler: Processing WebSocket message {type: 'response_chunk', content: ',', agent_id: 'admin_ai'}
handlers.js:32 Handler: Message type: response_chunk, Agent: admin_ai
handlers.js:305 Handler: Final display call: target=internal-comms-area, type=response_chunk, agentId=admin_ai
ui.js:19 UI: Display request in #internal-comms-area. Type: response_chunk, Agent: admin_ai
ui.js:44 UI: Will append chunk to last message element for agent admin_ai in #internal-comms-area.
websocket.js:45 WebSocket onmessage event fired.
websocket.js:48 WebSocket message received: {type: 'response_chunk', content: ' and', agent_id: 'admin_ai'}
handlers.js:26 Handler: Processing WebSocket message {type: 'response_chunk', content: ' and', agent_id: 'admin_ai'}
handlers.js:32 Handler: Message type: response_chunk, Agent: admin_ai
handlers.js:305 Handler: Final display call: target=internal-comms-area, type=response_chunk, agentId=admin_ai
ui.js:19 UI: Display request in #internal-comms-area. Type: response_chunk, Agent: admin_ai
ui.js:44 UI: Will append chunk to last message element for agent admin_ai in #internal-comms-area.
websocket.js:45 WebSocket onmessage event fired.
websocket.js:48 WebSocket message received: {type: 'response_chunk', content: ' Java', agent_id: 'admin_ai'}
handlers.js:26 Handler: Processing WebSocket message {type: 'response_chunk', content: ' Java', agent_id: 'admin_ai'}
handlers.js:32 Handler: Message type: response_chunk, Agent: admin_ai
handlers.js:305 Handler: Final display call: target=internal-comms-area, type=response_chunk, agentId=admin_ai
ui.js:19 UI: Display request in #internal-comms-area. Type: response_chunk, Agent: admin_ai
ui.js:44 UI: Will append chunk to last message element for agent admin_ai in #internal-comms-area.
websocket.js:45 WebSocket onmessage event fired.
websocket.js:48 WebSocket message received: {type: 'response_chunk', content: 'Script', agent_id: 'admin_ai'}
handlers.js:26 Handler: Processing WebSocket message {type: 'response_chunk', content: 'Script', agent_id: 'admin_ai'}
handlers.js:32 Handler: Message type: response_chunk, Agent: admin_ai
handlers.js:305 Handler: Final display call: target=internal-comms-area, type=response_chunk, agentId=admin_ai
ui.js:19 UI: Display request in #internal-comms-area. Type: response_chunk, Agent: admin_ai
ui.js:44 UI: Will append chunk to last message element for agent admin_ai in #internal-comms-area.
websocket.js:45 WebSocket onmessage event fired.
websocket.js:48 WebSocket message received: {type: 'response_chunk', content: '.\n\n', agent_id: 'admin_ai'}
handlers.js:26 Handler: Processing WebSocket message {type: 'response_chunk', content: '.\n\n', agent_id: 'admin_ai'}
handlers.js:32 Handler: Message type: response_chunk, Agent: admin_ai
handlers.js:305 Handler: Final display call: target=internal-comms-area, type=response_chunk, agentId=admin_ai
ui.js:19 UI: Display request in #internal-comms-area. Type: response_chunk, Agent: admin_ai
ui.js:44 UI: Will append chunk to last message element for agent admin_ai in #internal-comms-area.
websocket.js:45 WebSocket onmessage event fired.
websocket.js:48 WebSocket message received: {type: 'final_response', content: '**Snake Game Implementation**\n====================…assic Snake game using HTML, CSS, and JavaScript.', agent_id: 'admin_ai'}
handlers.js:26 Handler: Processing WebSocket message {type: 'final_response', content: '**Snake Game Implementation**\n====================…assic Snake game using HTML, CSS, and JavaScript.', agent_id: 'admin_ai'}
handlers.js:32 Handler: Message type: final_response, Agent: admin_ai
handlers.js:305 Handler: Final display call: target=conversation-area, type=agent_response, agentId=admin_ai
ui.js:19 UI: Display request in #conversation-area. Type: agent_response, Agent: admin_ai
ui.js:65 UI: Creating new message element for type agent_response in #conversation-area.
websocket.js:45 WebSocket onmessage event fired.
websocket.js:48 WebSocket message received: {type: 'agent_status_update', agent_id: 'admin_ai', status: {…}}
handlers.js:26 Handler: Processing WebSocket message {type: 'agent_status_update', agent_id: 'admin_ai', status: {…}}
handlers.js:32 Handler: Message type: agent_status_update, Agent: admin_ai
handlers.js:37 Handler: Handling agent_status_update for admin_ai
state.js:69 State: Updating known status for agent admin_ai
handlers.js:311 Handler: Triggering agent status UI redraw.
ui.js:185 UI: Updating agent status list from cached state {admin_ai: {…}}
handlers.js:474 Handler: Nav button clicked for view: chat-view
ui.js:247 UI: Attempting to switch view to: chat-view
state.js:40 State: Current view changed from internal-comms-view to chat-view
ui.js:279 UI: View switched successfully to: chat-view
handlers.js:459 Handler: Enter pressed in message input.
handlers.js:421 Handler: Send button clicked or Enter pressed.
websocket.js:99 Sent message: ok...
ui.js:19 UI: Display request in #conversation-area. Type: user, Agent: human_user
ui.js:65 UI: Creating new message element for type user in #conversation-area.
websocket.js:45 WebSocket onmessage event fired.
websocket.js:48 WebSocket message received: {type: 'agent_status_update', agent_id: 'admin_ai', status: {…}}
handlers.js:26 Handler: Processing WebSocket message {type: 'agent_status_update', agent_id: 'admin_ai', status: {…}}
handlers.js:32 Handler: Message type: agent_status_update, Agent: admin_ai
handlers.js:37 Handler: Handling agent_status_update for admin_ai
state.js:69 State: Updating known status for agent admin_ai
handlers.js:311 Handler: Triggering agent status UI redraw.
ui.js:185 UI: Updating agent status list from cached state {admin_ai: {…}}
websocket.js:45 WebSocket onmessage event fired.
 WebSocket message received: {type: 'response_chunk', content: '**', agent_id: 'admin_ai'}
 Handler: Processing WebSocket message {type: 'response_chunk', content: '**', agent_id: 'admin_ai'}
 Handler: Message type: response_chunk, Agent: admin_ai
 Handler: Final display call: target=internal-comms-area, type=response_chunk, agentId=admin_ai
 UI: Display request in #internal-comms-area. Type: response_chunk, Agent: admin_ai
 UI: Will append chunk to last message element for agent admin_ai in #internal-comms-area.
 WebSocket onmessage event fired.
 WebSocket message received: {type: 'response_chunk', content: 'Snake', agent_id: 'admin_ai'}
 Handler: Processing WebSocket message {type: 'response_chunk', content: 'Snake', agent_id: 'admin_ai'}
 Handler: Message type: response_chunk, Agent: admin_ai
 Handler: Final display call: target=internal-comms-area, type=response_chunk, agentId=admin_ai
 UI: Display request in #internal-comms-area. Type: response_chunk, Agent: admin_ai
 UI: Will append chunk to last message element for agent admin_ai in #internal-comms-area.
 WebSocket onmessage event fired.
 WebSocket message received: {type: 'response_chunk', content: ' Game', agent_id: 'admin_ai'}
 Handler: Processing WebSocket message {type: 'response_chunk', content: ' Game', agent_id: 'admin_ai'}
 Handler: Message type: response_chunk, Agent: admin_ai
 Handler: Final display call: target=internal-comms-area, type=response_chunk, agentId=admin_ai
 UI: Display request in #internal-comms-area. Type: response_chunk, Agent: admin_ai
 UI: Will append chunk to last message element for agent admin_ai in #internal-comms-area.
 WebSocket onmessage event fired.
 WebSocket message received: {type: 'response_chunk', content: ' Implementation', agent_id: 'admin_ai'}
 Handler: Processing WebSocket message {type: 'response_chunk', content: ' Implementation', agent_id: 'admin_ai'}
 Handler: Message type: response_chunk, Agent: admin_ai
 Handler: Final display call: target=internal-comms-area, type=response_chunk, agentId=admin_ai
 UI: Display request in #internal-comms-area. Type: response_chunk, Agent: admin_ai
 UI: Will append chunk to last message element for agent admin_ai in #internal-comms-area.
 WebSocket onmessage event fired.
 WebSocket message received: {type: 'response_chunk', content: '**\n', agent_id: 'admin_ai'}
 Handler: Processing WebSocket message {type: 'response_chunk', content: '**\n', agent_id: 'admin_ai'}
 Handler: Message type: response_chunk, Agent: admin_ai
 Handler: Final display call: target=internal-comms-area, type=response_chunk, agentId=admin_ai
 UI: Display request in #internal-comms-area. Type: response_chunk, Agent: admin_ai
 UI: Will append chunk to last message element for agent admin_ai in #internal-comms-area.
 WebSocket onmessage event fired.
 WebSocket message received: {type: 'response_chunk', content: '================================', agent_id: 'admin_ai'}
 Handler: Processing WebSocket message {type: 'response_chunk', content: '================================', agent_id: 'admin_ai'}
 Handler: Message type: response_chunk, Agent: admin_ai
 Handler: Final display call: target=internal-comms-area, type=response_chunk, agentId=admin_ai
 UI: Display request in #internal-comms-area. Type: response_chunk, Agent: admin_ai
 UI: Will append chunk to last message element for agent admin_ai in #internal-comms-area.
 WebSocket onmessage event fired.
 WebSocket message received: {type: 'response_chunk', content: '====', agent_id: 'admin_ai'}
 Handler: Processing WebSocket message {type: 'response_chunk', content: '====', agent_id: 'admin_ai'}
 Handler: Message type: response_chunk, Agent: admin_ai
 Handler: Final display call: target=internal-comms-area, type=response_chunk, agentId=admin_ai
 UI: Display request in #internal-comms-area. Type: response_chunk, Agent: admin_ai
 UI: Will append chunk to last message element for agent admin_ai in #internal-comms-area.
 WebSocket onmessage event fired.
 WebSocket message received: {type: 'response_chunk', content: '=\n\n', agent_id: 'admin_ai'}
 Handler: Processing WebSocket message {type: 'response_chunk', content: '=\n\n', agent_id: 'admin_ai'}
 Handler: Message type: response_chunk, Agent: admin_ai
 Handler: Final display call: target=internal-comms-area, type=response_chunk, agentId=admin_ai
 UI: Display request in #internal-comms-area. Type: response_chunk, Agent: admin_ai
 UI: Will append chunk to last message element for agent admin_ai in #internal-comms-area.
 WebSocket onmessage event fired.
 WebSocket message received: {type: 'response_chunk', content: "Here's", agent_id: 'admin_ai'}
 Handler: Processing WebSocket message {type: 'response_chunk', content: "Here's", agent_id: 'admin_ai'}
 Handler: Message type: response_chunk, Agent: admin_ai
 Handler: Final display call: target=internal-comms-area, type=response_chunk, agentId=admin_ai
 UI: Display request in #internal-comms-area. Type: response_chunk, Agent: admin_ai
 UI: Will append chunk to last message element for agent admin_ai in #internal-comms-area.
 WebSocket onmessage event fired.
 WebSocket message received: {type: 'response_chunk', content: ' a', agent_id: 'admin_ai'}
 Handler: Processing WebSocket message {type: 'response_chunk', content: ' a', agent_id: 'admin_ai'}
 Handler: Message type: response_chunk, Agent: admin_ai
 Handler: Final display call: target=internal-comms-area, type=response_chunk, agentId=admin_ai
 UI: Display request in #internal-comms-area. Type: response_chunk, Agent: admin_ai
 UI: Will append chunk to last message element for agent admin_ai in #internal-comms-area.
 WebSocket onmessage event fired.
 WebSocket message received: {type: 'response_chunk', content: ' simple', agent_id: 'admin_ai'}
 Handler: Processing WebSocket message {type: 'response_chunk', content: ' simple', agent_id: 'admin_ai'}
 Handler: Message type: response_chunk, Agent: admin_ai
 Handler: Final display call: target=internal-comms-area, type=response_chunk, agentId=admin_ai
 UI: Display request in #internal-comms-area. Type: response_chunk, Agent: admin_ai
 UI: Will append chunk to last message element for agent admin_ai in #internal-comms-area.
 WebSocket onmessage event fired.
 WebSocket message received: {type: 'response_chunk', content: ' implementation', agent_id: 'admin_ai'}
 Handler: Processing WebSocket message {type: 'response_chunk', content: ' implementation', agent_id: 'admin_ai'}
 Handler: Message type: response_chunk, Agent: admin_ai
 Handler: Final display call: target=internal-comms-area, type=response_chunk, agentId=admin_ai
 UI: Display request in #internal-comms-area. Type: response_chunk, Agent: admin_ai
 UI: Will append chunk to last message element for agent admin_ai in #internal-comms-area.
 WebSocket onmessage event fired.
 WebSocket message received: {type: 'response_chunk', content: ' of', agent_id: 'admin_ai'}
 Handler: Processing WebSocket message {type: 'response_chunk', content: ' of', agent_id: 'admin_ai'}
 Handler: Message type: response_chunk, Agent: admin_ai
 Handler: Final display call: target=internal-comms-area, type=response_chunk, agentId=admin_ai
 UI: Display request in #internal-comms-area. Type: response_chunk, Agent: admin_ai
 UI: Will append chunk to last message element for agent admin_ai in #internal-comms-area.
 WebSocket onmessage event fired.
 WebSocket message received: {type: 'response_chunk', content: ' a', agent_id: 'admin_ai'}
 Handler: Processing WebSocket message {type: 'response_chunk', content: ' a', agent_id: 'admin_ai'}
 Handler: Message type: response_chunk, Agent: admin_ai
 Handler: Final display call: target=internal-comms-area, type=response_chunk, agentId=admin_ai
 UI: Display request in #internal-comms-area. Type: response_chunk, Agent: admin_ai
 UI: Will append chunk to last message element for agent admin_ai in #internal-comms-area.
 WebSocket onmessage event fired.
 WebSocket message received: {type: 'response_chunk', content: ' browser', agent_id: 'admin_ai'}
 Handler: Processing WebSocket message {type: 'response_chunk', content: ' browser', agent_id: 'admin_ai'}
 Handler: Message type: response_chunk, Agent: admin_ai
 Handler: Final display call: target=internal-comms-area, type=response_chunk, agentId=admin_ai
 UI: Display request in #internal-comms-area. Type: response_chunk, Agent: admin_ai
 UI: Will append chunk to last message element for agent admin_ai in #internal-comms-area.
 WebSocket onmessage event fired.
 WebSocket message received: {type: 'response_chunk', content: '-based', agent_id: 'admin_ai'}
 Handler: Processing WebSocket message {type: 'response_chunk', content: '-based', agent_id: 'admin_ai'}
 Handler: Message type: response_chunk, Agent: admin_ai
 Handler: Final display call: target=internal-comms-area, type=response_chunk, agentId=admin_ai
 UI: Display request in #internal-comms-area. Type: response_chunk, Agent: admin_ai
 UI: Will append chunk to last message element for agent admin_ai in #internal-comms-area.
 WebSocket onmessage event fired.
 WebSocket message received: {type: 'response_chunk', content: ' Snake', agent_id: 'admin_ai'}
 Handler: Processing WebSocket message {type: 'response_chunk', content: ' Snake', agent_id: 'admin_ai'}
 Handler: Message type: response_chunk, Agent: admin_ai
 Handler: Final display call: target=internal-comms-area, type=response_chunk, agentId=admin_ai
 UI: Display request in #internal-comms-area. Type: response_chunk, Agent: admin_ai
 UI: Will append chunk to last message element for agent admin_ai in #internal-comms-area.
 WebSocket onmessage event fired.
 WebSocket message received: {type: 'response_chunk', content: ' game', agent_id: 'admin_ai'}
 Handler: Processing WebSocket message {type: 'response_chunk', content: ' game', agent_id: 'admin_ai'}
 Handler: Message type: response_chunk, Agent: admin_ai
 Handler: Final display call: target=internal-comms-area, type=response_chunk, agentId=admin_ai
 UI: Display request in #internal-comms-area. Type: response_chunk, Agent: admin_ai
 UI: Will append chunk to last message element for agent admin_ai in #internal-comms-area.
 WebSocket onmessage event fired.
websocket.js:48 WebSocket message received: {type: 'response_chunk', content: ' using', agent_id: 'admin_ai'}
handlers.js:26 Handler: Processing WebSocket message {type: 'response_chunk', content: ' using', agent_id: 'admin_ai'}
handlers.js:32 Handler: Message type: response_chunk, Agent: admin_ai
handlers.js:305 Handler: Final display call: target=internal-comms-area, type=response_chunk, agentId=admin_ai
ui.js:19 UI: Display request in #internal-comms-area. Type: response_chunk, Agent: admin_ai
ui.js:44 UI: Will append chunk to last message element for agent admin_ai in #internal-comms-area.
websocket.js:45 WebSocket onmessage event fired.
websocket.js:48 WebSocket message received: {type: 'response_chunk', content: ' HTML', agent_id: 'admin_ai'}
handlers.js:26 Handler: Processing WebSocket message {type: 'response_chunk', content: ' HTML', agent_id: 'admin_ai'}
handlers.js:32 Handler: Message type: response_chunk, Agent: admin_ai
handlers.js:305 Handler: Final display call: target=internal-comms-area, type=response_chunk, agentId=admin_ai
ui.js:19 UI: Display request in #internal-comms-area. Type: response_chunk, Agent: admin_ai
ui.js:44 UI: Will append chunk to last message element for agent admin_ai in #internal-comms-area.
websocket.js:45 WebSocket onmessage event fired.
websocket.js:48 WebSocket message received: {type: 'response_chunk', content: ',', agent_id: 'admin_ai'}
handlers.js:26 Handler: Processing WebSocket message {type: 'response_chunk', content: ',', agent_id: 'admin_ai'}
handlers.js:32 Handler: Message type: response_chunk, Agent: admin_ai
handlers.js:305 Handler: Final display call: target=internal-comms-area, type=response_chunk, agentId=admin_ai
ui.js:19 UI: Display request in #internal-comms-area. Type: response_chunk, Agent: admin_ai
ui.js:44 UI: Will append chunk to last message element for agent admin_ai in #internal-comms-area.
websocket.js:45 WebSocket onmessage event fired.
websocket.js:48 WebSocket message received: {type: 'response_chunk', content: ' CSS', agent_id: 'admin_ai'}
handlers.js:26 Handler: Processing WebSocket message {type: 'response_chunk', content: ' CSS', agent_id: 'admin_ai'}
handlers.js:32 Handler: Message type: response_chunk, Agent: admin_ai
handlers.js:305 Handler: Final display call: target=internal-comms-area, type=response_chunk, agentId=admin_ai
ui.js:19 UI: Display request in #internal-comms-area. Type: response_chunk, Agent: admin_ai
ui.js:44 UI: Will append chunk to last message element for agent admin_ai in #internal-comms-area.
websocket.js:45 WebSocket onmessage event fired.
websocket.js:48 WebSocket message received: {type: 'response_chunk', content: ',', agent_id: 'admin_ai'}
handlers.js:26 Handler: Processing WebSocket message {type: 'response_chunk', content: ',', agent_id: 'admin_ai'}
handlers.js:32 Handler: Message type: response_chunk, Agent: admin_ai
handlers.js:305 Handler: Final display call: target=internal-comms-area, type=response_chunk, agentId=admin_ai
ui.js:19 UI: Display request in #internal-comms-area. Type: response_chunk, Agent: admin_ai
ui.js:44 UI: Will append chunk to last message element for agent admin_ai in #internal-comms-area.
websocket.js:45 WebSocket onmessage event fired.
websocket.js:48 WebSocket message received: {type: 'response_chunk', content: ' and', agent_id: 'admin_ai'}
handlers.js:26 Handler: Processing WebSocket message {type: 'response_chunk', content: ' and', agent_id: 'admin_ai'}
handlers.js:32 Handler: Message type: response_chunk, Agent: admin_ai
handlers.js:305 Handler: Final display call: target=internal-comms-area, type=response_chunk, agentId=admin_ai
ui.js:19 UI: Display request in #internal-comms-area. Type: response_chunk, Agent: admin_ai
ui.js:44 UI: Will append chunk to last message element for agent admin_ai in #internal-comms-area.
websocket.js:45 WebSocket onmessage event fired.
websocket.js:48 WebSocket message received: {type: 'response_chunk', content: ' Java', agent_id: 'admin_ai'}
handlers.js:26 Handler: Processing WebSocket message {type: 'response_chunk', content: ' Java', agent_id: 'admin_ai'}
handlers.js:32 Handler: Message type: response_chunk, Agent: admin_ai
handlers.js:305 Handler: Final display call: target=internal-comms-area, type=response_chunk, agentId=admin_ai
ui.js:19 UI: Display request in #internal-comms-area. Type: response_chunk, Agent: admin_ai
ui.js:44 UI: Will append chunk to last message element for agent admin_ai in #internal-comms-area.
websocket.js:45 WebSocket onmessage event fired.
websocket.js:48 WebSocket message received: {type: 'response_chunk', content: 'Script', agent_id: 'admin_ai'}
handlers.js:26 Handler: Processing WebSocket message {type: 'response_chunk', content: 'Script', agent_id: 'admin_ai'}
handlers.js:32 Handler: Message type: response_chunk, Agent: admin_ai
handlers.js:305 Handler: Final display call: target=internal-comms-area, type=response_chunk, agentId=admin_ai
ui.js:19 UI: Display request in #internal-comms-area. Type: response_chunk, Agent: admin_ai
ui.js:44 UI: Will append chunk to last message element for agent admin_ai in #internal-comms-area.
websocket.js:45 WebSocket onmessage event fired.
websocket.js:48 WebSocket message received: {type: 'response_chunk', content: '.\n\n', agent_id: 'admin_ai'}
handlers.js:26 Handler: Processing WebSocket message {type: 'response_chunk', content: '.\n\n', agent_id: 'admin_ai'}
handlers.js:32 Handler: Message type: response_chunk, Agent: admin_ai
handlers.js:305 Handler: Final display call: target=internal-comms-area, type=response_chunk, agentId=admin_ai
ui.js:19 UI: Display request in #internal-comms-area. Type: response_chunk, Agent: admin_ai
ui.js:44 UI: Will append chunk to last message element for agent admin_ai in #internal-comms-area.
handlers.js:474 Handler: Nav button clicked for view: internal-comms-view
ui.js:247 UI: Attempting to switch view to: internal-comms-view
state.js:40 State: Current view changed from chat-view to internal-comms-view
ui.js:279 UI: View switched successfully to: internal-comms-view
websocket.js:45 WebSocket onmessage event fired.
websocket.js:48 WebSocket message received: {type: 'final_response', content: '**Snake Game Implementation**\n====================…based Snake game using HTML, CSS, and JavaScript.', agent_id: 'admin_ai'}
handlers.js:26 Handler: Processing WebSocket message {type: 'final_response', content: '**Snake Game Implementation**\n====================…based Snake game using HTML, CSS, and JavaScript.', agent_id: 'admin_ai'}
handlers.js:32 Handler: Message type: final_response, Agent: admin_ai
handlers.js:305 Handler: Final display call: target=conversation-area, type=agent_response, agentId=admin_ai
ui.js:19 UI: Display request in #conversation-area. Type: agent_response, Agent: admin_ai
ui.js:65 UI: Creating new message element for type agent_response in #conversation-area.
websocket.js:45 WebSocket onmessage event fired.
websocket.js:48 WebSocket message received: {type: 'agent_status_update', agent_id: 'admin_ai', status: {…}}
handlers.js:26 Handler: Processing WebSocket message {type: 'agent_status_update', agent_id: 'admin_ai', status: {…}}
handlers.js:32 Handler: Message type: agent_status_update, Agent: admin_ai
handlers.js:37 Handler: Handling agent_status_update for admin_ai
state.js:69 State: Updating known status for agent admin_ai
handlers.js:311 Handler: Triggering agent status UI redraw.
ui.js:185 UI: Updating agent status list from cached state {admin_ai: {…}}
handlers.js:474 Handler: Nav button clicked for view: chat-view
ui.js:247 UI: Attempting to switch view to: chat-view
state.js:40 State: Current view changed from internal-comms-view to chat-view
ui.js:279 UI: View switched successfully to: chat-view
websocket.js:65 WebSocket onclose event fired. Code: 1012, Reason: 'No reason given'
state.js:33 State: Connection status changed to false
state.js:27 State: WebSocket instance updated.
ui.js:19 UI: Display request in #internal-comms-area. Type: error, Agent: system
ui.js:65 UI: Creating new message element for type error in #internal-comms-area.
state.js:53 State: Reconnect delay set to 2000ms
websocket.js:27 Attempting WebSocket connection to ws://localhost:8000/ws...
ui.js:19 UI: Display request in #internal-comms-area. Type: status, Agent: system
ui.js:65 UI: Creating new message element for type status in #internal-comms-area.
state.js:27 State: WebSocket instance updated.
websocket.js:31 WebSocket connection to 'ws://localhost:8000/ws' failed: 
connectWebSocket @ websocket.js:31
websocket.js:58 WebSocket onerror event fired: Event {isTrusted: true, type: 'error', target: WebSocket, currentTarget: WebSocket, eventPhase: 2, …}
ws.onerror @ websocket.js:58
ui.js:19 UI: Display request in #internal-comms-area. Type: error, Agent: system
ui.js:65 UI: Creating new message element for type error in #internal-comms-area.
websocket.js:65 WebSocket onclose event fired. Code: 1006, Reason: 'No reason given'
state.js:27 State: WebSocket instance updated.
ui.js:19 UI: Display request in #internal-comms-area. Type: error, Agent: system
ui.js:65 UI: Creating new message element for type error in #internal-comms-area.
state.js:53 State: Reconnect delay set to 4000ms
websocket.js:27 Attempting WebSocket connection to ws://localhost:8000/ws...
ui.js:19 UI: Display request in #internal-comms-area. Type: status, Agent: system
ui.js:65 UI: Creating new message element for type status in #internal-comms-area.
state.js:27 State: WebSocket instance updated.
websocket.js:31 WebSocket connection to 'ws://localhost:8000/ws' failed: 
connectWebSocket @ websocket.js:31
websocket.js:58 WebSocket onerror event fired: Event {isTrusted: true, type: 'error', target: WebSocket, currentTarget: WebSocket, eventPhase: 2, …}
ws.onerror @ websocket.js:58
ui.js:19 UI: Display request in #internal-comms-area. Type: error, Agent: system
ui.js:65 UI: Creating new message element for type error in #internal-comms-area.
websocket.js:65 WebSocket onclose event fired. Code: 1006, Reason: 'No reason given'
state.js:27 State: WebSocket instance updated.
ui.js:19 UI: Display request in #internal-comms-area. Type: error, Agent: system
ui.js:65 UI: Creating new message element for type error in #internal-comms-area.
state.js:53 State: Reconnect delay set to 8000ms
websocket.js:27 Attempting WebSocket connection to ws://localhost:8000/ws...
ui.js:19 UI: Display request in #internal-comms-area. Type: status, Agent: system
ui.js:65 UI: Creating new message element for type status in #internal-comms-area.
state.js:27 State: WebSocket instance updated.
websocket.js:31 WebSocket connection to 'ws://localhost:8000/ws' failed: 
connectWebSocket @ websocket.js:31
websocket.js:58 WebSocket onerror event fired: Event {isTrusted: true, type: 'error', target: WebSocket, currentTarget: WebSocket, eventPhase: 2, …}
ws.onerror @ websocket.js:58
ui.js:19 UI: Display request in #internal-comms-area. Type: error, Agent: system
ui.js:65 UI: Creating new message element for type error in #internal-comms-area.
websocket.js:65 WebSocket onclose event fired. Code: 1006, Reason: 'No reason given'
state.js:27 State: WebSocket instance updated.
ui.js:19 UI: Display request in #internal-comms-area. Type: error, Agent: system
ui.js:65 UI: Creating new message element for type error in #internal-comms-area.
state.js:53 State: Reconnect delay set to 16000ms
websocket.js:27 Attempting WebSocket connection to ws://localhost:8000/ws...
ui.js:19 UI: Display request in #internal-comms-area. Type: status, Agent: system
ui.js:65 UI: Creating new message element for type status in #internal-comms-area.
state.js:27 State: WebSocket instance updated.
websocket.js:31 WebSocket connection to 'ws://localhost:8000/ws' failed: 
connectWebSocket @ websocket.js:31
websocket.js:58 WebSocket onerror event fired: Event {isTrusted: true, type: 'error', target: WebSocket, currentTarget: WebSocket, eventPhase: 2, …}
ws.onerror @ websocket.js:58
ui.js:19 UI: Display request in #internal-comms-area. Type: error, Agent: system
ui.js:65 UI: Creating new message element for type error in #internal-comms-area.
websocket.js:65 WebSocket onclose event fired. Code: 1006, Reason: 'No reason given'
state.js:27 State: WebSocket instance updated.
ui.js:19 UI: Display request in #internal-comms-area. Type: error, Agent: system
ui.js:65 UI: Creating new message element for type error in #internal-comms-area.
state.js:53 State: Reconnect delay set to 30000ms
